<?xml version="1.0" encoding="UTF-8"?>
<!-- Generated by org.testng.reporters.JUnitXMLReporter -->
<testsuite hostname="CEI3159" ignored="1" name="FaceBookLogin" tests="1" failures="0" timestamp="16 Jan 2022 08:45:58 GMT" time="8.243" errors="0">
  <testcase name="faceBookPage" time="8.238" classname="testNGPrograms.GoogleFacebook"/>
  <testcase name="googlePage" time="0.0" classname="testNGPrograms.GoogleFacebook">
    <ignored/>
  </testcase> <!-- googlePage -->
</testsuite> <!-- FaceBookLogin -->
