<?xml version="1.0" encoding="UTF-8"?>
<!-- Generated by org.testng.reporters.JUnitXMLReporter -->
<testsuite hostname="CEI3159" ignored="1" name="GoogleLogin" tests="1" failures="0" timestamp="16 Jan 2022 08:45:49 GMT" time="13.875" errors="0">
  <testcase name="googlePage" time="13.812" classname="testNGPrograms.GoogleFacebook"/>
  <testcase name="faceBookPage" time="0.0" classname="testNGPrograms.GoogleFacebook">
    <ignored/>
  </testcase> <!-- faceBookPage -->
</testsuite> <!-- GoogleLogin -->
