<?xml version="1.0" encoding="UTF-8"?>
<!-- Generated by org.testng.reporters.JUnitXMLReporter -->
<testsuite hostname="CEI3159" ignored="2" name="OrangeHRMSLogin" tests="3" failures="2" timestamp="16 Jan 2022 08:19:39 GMT" time="8.853" errors="0">
  <testcase name="launchBrowser" time="8.777" classname="testNGPrograms.OrangeHrms"/>
  <testcase name="loginHrms" time="0.011" classname="testNGPrograms.OrangeHrms">
    <failure type="java.lang.NullPointerException">
      <![CDATA[java.lang.NullPointerException
at testNGPrograms.OrangeHrms.loginHrms(OrangeHrms.java:26)
... Removed 25 stack frames]]>
    </failure>
  </testcase> <!-- loginHrms -->
  <testcase name="verifyLogin" time="0.004" classname="testNGPrograms.OrangeHrms">
    <failure type="java.lang.NullPointerException">
      <![CDATA[java.lang.NullPointerException
at testNGPrograms.OrangeHrms.verifyLogin(OrangeHrms.java:46)
... Removed 25 stack frames]]>
    </failure>
  </testcase> <!-- verifyLogin -->
  <testcase name="personalDetails" time="0.0" classname="testNGPrograms.OrangeHrms">
    <ignored/>
  </testcase> <!-- personalDetails -->
  <testcase name="navigateToMyInfo" time="0.0" classname="testNGPrograms.OrangeHrms">
    <ignored/>
  </testcase> <!-- navigateToMyInfo -->
</testsuite> <!-- OrangeHRMSLogin -->
