<?xml version="1.0" encoding="UTF-8"?>
<testng-results skipped="0" failed="0" ignored="0" total="1" passed="1">
  <reporter-output>
  </reporter-output>
  <suite name="Default suite" duration-ms="353" started-at="2019-04-05T11:56:02Z" finished-at="2019-04-05T11:56:03Z">
    <groups>
    </groups>
    <test name="Default test" duration-ms="353" started-at="2019-04-05T11:56:02Z" finished-at="2019-04-05T11:56:03Z">
      <class name="com.ceitraining.classFiles.HtmlWriterPgm">
        <test-method status="PASS" signature="docReader()[pri:0, instance:com.ceitraining.classFiles.HtmlWriterPgm@5f375618]" name="docReader" duration-ms="280" started-at="2019-04-05T11:56:02Z" finished-at="2019-04-05T11:56:03Z">
          <reporter-output>
          </reporter-output>
        </test-method> <!-- docReader -->
      </class> <!-- com.ceitraining.classFiles.HtmlWriterPgm -->
    </test> <!-- Default test -->
  </suite> <!-- Default suite -->
</testng-results>
