<?xml version="1.0" encoding="UTF-8"?>
<testng-results skipped="0" failed="0" ignored="0" total="1" passed="1">
  <reporter-output>
  </reporter-output>
  <suite name="Default suite" duration-ms="11061" started-at="2019-12-31T08:09:55Z" finished-at="2019-12-31T08:10:06Z">
    <groups>
    </groups>
    <test name="Default test" duration-ms="11061" started-at="2019-12-31T08:09:55Z" finished-at="2019-12-31T08:10:06Z">
      <class name="test1ar.test.BrowserTest">
        <test-method status="PASS" signature="test()[pri:0, instance:test1ar.test.BrowserTest@6d4b1c02]" name="test" duration-ms="11008" started-at="2019-12-31T08:09:55Z" finished-at="2019-12-31T08:10:06Z">
          <reporter-output>
          </reporter-output>
        </test-method> <!-- test -->
      </class> <!-- test1ar.test.BrowserTest -->
    </test> <!-- Default test -->
  </suite> <!-- Default suite -->
</testng-results>
