<?xml version="1.0" encoding="UTF-8"?>
<testng-results skipped="0" failed="0" ignored="0" total="1" passed="1">
  <reporter-output>
  </reporter-output>
  <suite name="Default suite" duration-ms="5466" started-at="2019-03-26T11:12:19Z" finished-at="2019-03-26T11:12:24Z">
    <groups>
    </groups>
    <test name="Default test" duration-ms="5466" started-at="2019-03-26T11:12:19Z" finished-at="2019-03-26T11:12:24Z">
      <class name="stepDefinition.GmailLogin">
        <test-method status="PASS" signature="gmailLogin()[pri:0, instance:stepDefinition.GmailLogin@3abbfa04]" name="gmailLogin" duration-ms="5415" started-at="2019-03-26T11:12:19Z" finished-at="2019-03-26T11:12:24Z">
          <reporter-output>
          </reporter-output>
        </test-method> <!-- gmailLogin -->
      </class> <!-- stepDefinition.GmailLogin -->
    </test> <!-- Default test -->
  </suite> <!-- Default suite -->
</testng-results>
