<?xml version="1.0" encoding="UTF-8"?>
<testng-results skipped="0" failed="0" ignored="0" total="1" passed="1">
  <reporter-output>
  </reporter-output>
  <suite name="Default suite" duration-ms="278" started-at="2019-04-11T07:11:47Z" finished-at="2019-04-11T07:11:47Z">
    <groups>
    </groups>
    <test name="Default test" duration-ms="278" started-at="2019-04-11T07:11:47Z" finished-at="2019-04-11T07:11:47Z">
      <class name="ceiTrainingClass.HtmlWriterPgm">
        <test-method status="PASS" signature="docReader()[pri:0, instance:ceiTrainingClass.HtmlWriterPgm@32d992b2]" name="docReader" duration-ms="232" started-at="2019-04-11T07:11:47Z" finished-at="2019-04-11T07:11:47Z">
          <reporter-output>
          </reporter-output>
        </test-method> <!-- docReader -->
      </class> <!-- ceiTrainingClass.HtmlWriterPgm -->
    </test> <!-- Default test -->
  </suite> <!-- Default suite -->
</testng-results>
